644128129
639337740
644397514
638982481
641938413
642088635
641003662
638756150
645741802
646326097
645520546
644064051
644861014
646231283
642150632
642280364
575560154
646189999
645326637
645487250
643564465
644050984
345736039
645543400
643171209
641515692
644688689
643956554
638272633
644089833
644102838
643754320
644960340
644431255
644774243
645945608
641628075
643494688
642875211
646152873
642983805
645331439
642878357
644060425
640008741
644258280
645461247
643892618
643231977
646067622
644682744
644392286
640435960
644615853
644718242
646017370
638574627
640718558
644203066
645332983
639990562
644641126
644288119
644262306
646343308
646033458
645564136
643949141
644768978
644451216
644285238
642316282
645881000
641631256
639735642
643915460
646121076
643647989
501977703
641955162
638579286
646364478
641823415
645941236
645313531
638343399
645728551
641307893
644285940
645942498
639789389
644128293
645954376
293907572
640122558
641935995
640213275
645744403
644016837
645644797